
/home/runner/work/exp-reactions-of-proteins-iitk/exp-reactions-of-proteins-iitk/experiment/simulation/script/project.js
   4:5   warning  'stp1' is assigned a value but never used  no-unused-vars
   9:1   warning  'stasuses' is not defined                  no-undef
  15:8   warning  'stasuses' is not defined                  no-undef
  16:9   warning  'stasuses' is not defined                  no-undef
  26:9   warning  'beakerdiv' is not defined                 no-undef
  27:9   warning  'measuringdiv' is not defined              no-undef
  28:9   warning  'wbath' is not defined                     no-undef
  29:9   warning  'wbath1' is not defined                    no-undef
  32:13  warning  'beakerdiv' is not defined                 no-undef
  33:13  warning  'measuringdiv' is not defined              no-undef
  34:13  warning  'wbath' is not defined                     no-undef
  35:13  warning  'wbath1' is not defined                    no-undef
  36:13  warning  'albuminselect' is not defined             no-undef
  36:27  warning  'albumin1' is not defined                  no-undef
  46:9   warning  'wbath' is not defined                     no-undef
  47:9   warning  'wbath1' is not defined                    no-undef
  49:27  warning  'inschange' is not defined                 no-undef
  50:13  warning  'ttselector' is not defined                no-undef
  50:24  warning  'tt1' is not defined                       no-undef
  51:13  warning  'titselector' is not defined               no-undef
  58:9   warning  'tbl1' is not defined                      no-undef
  60:9   warning  'tbl1' is not defined                      no-undef
  61:9   warning  'tbl1' is not defined                      no-undef

/home/runner/work/exp-reactions-of-proteins-iitk/exp-reactions-of-proteins-iitk/experiment/simulation/script/step1.js
   13:5   warning  'wegg1' is assigned a value but never used  no-unused-vars
   14:5   warning  'wegg2' is assigned a value but never used  no-unused-vars
   15:5   warning  'wegg3' is assigned a value but never used  no-unused-vars
   24:10  warning  'egg1check' is defined but never used       no-unused-vars
   30:10  warning  'egg2check' is defined but never used       no-unused-vars
   36:10  warning  'egg3check' is defined but never used       no-unused-vars
   45:8   warning  'f' is not defined                          no-undef
   46:9   warning  'f' is not defined                          no-undef
   48:9   warning  'ins' is not defined                        no-undef
   56:8   warning  'f' is not defined                          no-undef
   57:9   warning  'f' is not defined                          no-undef
  101:9   warning  'f' is not defined                          no-undef
  104:9   warning  'ins' is not defined                        no-undef
  109:9   warning  'f' is not defined                          no-undef
  112:9   warning  'ins' is not defined                        no-undef
  116:9   warning  'f' is not defined                          no-undef
  119:9   warning  'ins' is not defined                        no-undef

/home/runner/work/exp-reactions-of-proteins-iitk/exp-reactions-of-proteins-iitk/experiment/simulation/script/step2.js
   22:10  warning  'beakerpour' is defined but never used  no-unused-vars
   23:8   warning  'f' is not defined                      no-undef
   24:9   warning  'f' is not defined                      no-undef
   32:17  warning  'falbumin' is not defined               no-undef
   33:17  warning  'falbumin' is not defined               no-undef
   34:17  warning  'falbumin' is not defined               no-undef
   36:21  warning  'falbumin' is not defined               no-undef
   37:21  warning  'falbumin' is not defined               no-undef
   38:21  warning  'balbumin' is not defined               no-undef
   38:43  warning  'bliquidheight' is not defined          no-undef
   39:21  warning  'balbumin' is not defined               no-undef
   39:43  warning  'bbottom' is not defined                no-undef
   43:29  warning  'falbumin' is not defined               no-undef
   50:41  warning  'f' is not defined                      no-undef
   51:41  warning  'ins' is not defined                    no-undef
   65:10  warning  'measure' is defined but never used     no-unused-vars
   66:8   warning  'f' is not defined                      no-undef
   67:9   warning  'f' is not defined                      no-undef
   90:41  warning  'ins' is not defined                    no-undef
  111:9   warning  'f' is not defined                      no-undef
  113:9   warning  'bbottom' is not defined                no-undef
  114:9   warning  'bliquidheight' is not defined          no-undef
  121:9   warning  'f' is not defined                      no-undef
  123:9   warning  'bbottom' is not defined                no-undef
  124:9   warning  'bliquidheight' is not defined          no-undef
  131:9   warning  'f' is not defined                      no-undef
  133:9   warning  'bbottom' is not defined                no-undef
  134:9   warning  'bliquidheight' is not defined          no-undef
  141:9   warning  'f' is not defined                      no-undef
  143:9   warning  'bbottom' is not defined                no-undef
  144:9   warning  'bliquidheight' is not defined          no-undef
  151:9   warning  'f' is not defined                      no-undef
  153:9   warning  'bbottom' is not defined                no-undef
  154:9   warning  'bliquidheight' is not defined          no-undef
  158:9   warning  'startbutton' is not defined            no-undef
  159:9   warning  'startbutton' is not defined            no-undef
  161:9   warning  'f' is not defined                      no-undef

/home/runner/work/exp-reactions-of-proteins-iitk/exp-reactions-of-proteins-iitk/experiment/simulation/script/step3.js
    5:5   warning  'celcius' is assigned a value but never used  no-unused-vars
    7:5   warning  'mm' is assigned a value but never used       no-unused-vars
    8:5   warning  'ss' is assigned a value but never used       no-unused-vars
   10:5   warning  'wbath' is assigned a value but never used    no-unused-vars
   11:5   warning  'wbath1' is assigned a value but never used   no-unused-vars
   16:5   warning  'trial' is assigned a value but never used    no-unused-vars
   22:10  warning  'onoff1' is defined but never used            no-unused-vars
   23:8   warning  'f' is not defined                            no-undef
   24:9   warning  'f' is not defined                            no-undef
   27:9   warning  'ins' is not defined                          no-undef
   29:13  warning  'f' is not defined                            no-undef
   30:9   warning  'f' is not defined                            no-undef
   33:9   warning  'ins' is not defined                          no-undef
   39:10  warning  'temp1' is defined but never used             no-unused-vars
   40:8   warning  'f' is not defined                            no-undef
   41:9   warning  'f' is not defined                            no-undef
   44:9   warning  'ins' is not defined                          no-undef
   46:13  warning  'f' is not defined                            no-undef
   47:9   warning  'f' is not defined                            no-undef
   49:9   warning  'ins' is not defined                          no-undef
   54:10  warning  'mm1' is defined but never used               no-unused-vars
   55:8   warning  'f' is not defined                            no-undef
   56:9   warning  'f' is not defined                            no-undef
   58:9   warning  'min' is not defined                          no-undef
   59:9   warning  'ins' is not defined                          no-undef
   61:13  warning  'f' is not defined                            no-undef
   62:9   warning  'f' is not defined                            no-undef
   63:9   warning  'min' is not defined                          no-undef
   64:9   warning  'ins' is not defined                          no-undef
   69:10  warning  'ss1' is defined but never used               no-unused-vars
   70:8   warning  'f' is not defined                            no-undef
   71:9   warning  'f' is not defined                            no-undef
   73:9   warning  'sec' is not defined                          no-undef
   74:9   warning  'ins' is not defined                          no-undef
   76:13  warning  'f' is not defined                            no-undef
   77:9   warning  'f' is not defined                            no-undef
   78:9   warning  'sec' is not defined                          no-undef
   79:9   warning  'ins' is not defined                          no-undef
   81:16  warning  'ttselector' is not defined                   no-undef
   82:17  warning  'settings' is not defined                     no-undef
   85:17  warning  'ins' is not defined                          no-undef
   86:17  warning  'f' is not defined                            no-undef
   94:10  warning  'plus1' is defined but never used             no-unused-vars
   95:8   warning  'f' is not defined                            no-undef
  105:13  warning  'f' is not defined                            no-undef
  106:22  warning  'min' is not defined                          no-undef
  106:54  warning  'min' is not defined                          no-undef
  107:26  warning  'min' is not defined                          no-undef
  108:17  warning  'min' is not defined                          no-undef
  108:45  warning  'min' is not defined                          no-undef
  111:17  warning  'min' is not defined                          no-undef
  111:41  warning  'min' is not defined                          no-undef
  115:13  warning  'f' is not defined                            no-undef
  116:22  warning  'sec' is not defined                          no-undef
  116:54  warning  'sec' is not defined                          no-undef
  117:26  warning  'sec' is not defined                          no-undef
  118:17  warning  'sec' is not defined                          no-undef
  118:45  warning  'sec' is not defined                          no-undef
  121:17  warning  'sec' is not defined                          no-undef
  121:41  warning  'sec' is not defined                          no-undef
  131:10  warning  'minus1' is defined but never used            no-unused-vars
  132:8   warning  'f' is not defined                            no-undef
  142:13  warning  'f' is not defined                            no-undef
  143:22  warning  'min' is not defined                          no-undef
  143:55  warning  'min' is not defined                          no-undef
  144:26  warning  'min' is not defined                          no-undef
  145:17  warning  'min' is not defined                          no-undef
  145:45  warning  'min' is not defined                          no-undef
  148:17  warning  'min' is not defined                          no-undef
  148:41  warning  'min' is not defined                          no-undef
  152:13  warning  'f' is not defined                            no-undef
  153:22  warning  'sec' is not defined                          no-undef
  153:55  warning  'sec' is not defined                          no-undef
  154:26  warning  'sec' is not defined                          no-undef
  155:17  warning  'sec' is not defined                          no-undef
  155:45  warning  'sec' is not defined                          no-undef
  158:17  warning  'sec' is not defined                          no-undef
  158:41  warning  'sec' is not defined                          no-undef

/home/runner/work/exp-reactions-of-proteins-iitk/exp-reactions-of-proteins-iitk/experiment/simulation/script/step4.js
   33:5   warning  'tit2' is assigned a value but never used         no-unused-vars
   34:5   warning  'tit3' is assigned a value but never used         no-unused-vars
   35:5   warning  'tit4' is assigned a value but never used         no-unused-vars
   36:5   warning  'tit5' is assigned a value but never used         no-unused-vars
   37:5   warning  'tit6' is assigned a value but never used         no-unused-vars
   45:5   warning  'titselector' is assigned a value but never used  no-unused-vars
   47:5   warning  'albuminsrc' is assigned a value but never used   no-unused-vars
   66:8   warning  'f' is not defined                                no-undef
   67:9   warning  'f' is not defined                                no-undef
   77:13  warning  'f' is not defined                                no-undef
   78:9   warning  'f' is not defined                                no-undef
   89:21  warning  'f' is not defined                                no-undef
   90:21  warning  'ins' is not defined                              no-undef
   96:13  warning  'f' is not defined                                no-undef
   97:9   warning  'f' is not defined                                no-undef
  106:21  warning  'ins' is not defined                              no-undef
  107:21  warning  'f' is not defined                                no-undef
  118:13  warning  'temp' is not defined                             no-undef
  118:45  warning  'min' is not defined                              no-undef
  118:68  warning  'sec' is not defined                              no-undef
  119:13  warning  'startBtntimer' is not defined                    no-undef
  120:13  warning  'ins' is not defined                              no-undef
  123:13  warning  'ins' is not defined                              no-undef
  124:13  warning  'f' is not defined                                no-undef
  135:9   warning  'albuminselect' is not defined                    no-undef
  135:23  warning  'albumin2' is not defined                         no-undef
  137:9   warning  'instemp' is not defined                          no-undef
  138:9   warning  'insttubeplace' is not defined                    no-undef
  143:9   warning  'albuminselect' is not defined                    no-undef
  143:23  warning  'albumin3' is not defined                         no-undef
  145:9   warning  'instemp' is not defined                          no-undef
  146:9   warning  'insttubeplace' is not defined                    no-undef
  151:9   warning  'albuminselect' is not defined                    no-undef
  151:23  warning  'albumin4' is not defined                         no-undef
  153:9   warning  'instemp' is not defined                          no-undef
  154:9   warning  'insttubeplace' is not defined                    no-undef
  159:9   warning  'albuminselect' is not defined                    no-undef
  159:23  warning  'albumin5' is not defined                         no-undef
  161:9   warning  'instemp' is not defined                          no-undef
  162:9   warning  'insttubeplace' is not defined                    no-undef
  167:9   warning  'albuminselect' is not defined                    no-undef
  167:23  warning  'albumin6' is not defined                         no-undef
  169:9   warning  'instemp' is not defined                          no-undef
  170:9   warning  'insttubeplace' is not defined                    no-undef
  173:9   warning  'startbutton' is not defined                      no-undef
  174:9   warning  'startbutton' is not defined                      no-undef
  175:9   warning  'f' is not defined                                no-undef
  176:9   warning  'ins' is not defined                              no-undef
  190:10  warning  'valbutton1' is defined but never used            no-unused-vars
  191:8   warning  'f' is not defined                                no-undef
  196:13  warning  'ins' is not defined                              no-undef
  202:13  warning  'ins' is not defined                              no-undef
  222:17  warning  'f' is not defined                                no-undef
  224:17  warning  'ins' is not defined                              no-undef
  286:9   warning  'startbutton' is not defined                      no-undef
  287:9   warning  'startbutton' is not defined                      no-undef
  288:9   warning  'f' is not defined                                no-undef
  294:10  warning  'tt1check' is defined but never used              no-unused-vars
  300:10  warning  'tt2check' is defined but never used              no-unused-vars
  306:10  warning  'tt3check' is defined but never used              no-unused-vars
  312:10  warning  'tt4check' is defined but never used              no-unused-vars
  318:10  warning  'tt5check' is defined but never used              no-unused-vars
  324:10  warning  'tt6check' is defined but never used              no-unused-vars

/home/runner/work/exp-reactions-of-proteins-iitk/exp-reactions-of-proteins-iitk/experiment/simulation/script/stopwatch.js
   3:5   warning  'running' is assigned a value but never used  no-unused-vars
   8:10  warning  'startBtntimer' is defined but never used     no-unused-vars
   9:5   warning  'timer' is not defined                        no-undef
  16:5   warning  'timer' is not defined                        no-undef
  19:10  warning  'resetBtn' is defined but never used          no-unused-vars
  20:5   warning  'timer' is not defined                        no-undef
  29:9   warning  'timer' is not defined                        no-undef
  42:13  warning  'albuminselect' is not defined                no-undef
  42:31  warning  'albuminsrc' is not defined                   no-undef
  43:13  warning  'ins' is not defined                          no-undef
  44:13  warning  'f' is not defined                            no-undef

✖ 229 problems (0 errors, 229 warnings)

